2022-11-09 09:30:15 INFO : distributing menu...
2022-11-09 09:30:15 INFO : loading resource information from JSON: /home/bergauer/github/herbberg/tm-vhdlproducer/tmVhdlProducer/config/resource_default.json
2022-11-09 09:30:15 INFO : :: listing resources...
2022-11-09 09:30:15 INFO : thresholds:
2022-11-09 09:30:15 INFO :  * floor: brams=12.79%, sliceLUTs=9.02%, processors=0.00%
2022-11-09 09:30:15 INFO :  * ceiling: brams=100.00%, sliceLUTs=90.00%, processors=100.00%
2022-11-09 09:30:15 INFO : instances:
2022-11-09 09:30:15 INFO :  * MuonCondition[ muon ]: brams=0.00%, sliceLUTs=0.00%, processors=0.00%
2022-11-09 09:30:15 INFO :  * MuonCondition[ muon, muon ]: brams=0.00%, sliceLUTs=0.00%, processors=0.00%
2022-11-09 09:30:15 INFO :    * tbpt: brams=0.00%, sliceLUTs=0.08%, processors=0.33%
2022-11-09 09:30:15 INFO :    * chgcor: brams=0.00%, sliceLUTs=0.00%, processors=0.00%
2022-11-09 09:30:15 INFO :  * MuonCondition[ muon, muon, muon ]: brams=0.00%, sliceLUTs=0.00%, processors=0.00%
2022-11-09 09:30:15 INFO :    * chgcor: brams=0.00%, sliceLUTs=0.00%, processors=0.00%
2022-11-09 09:30:15 INFO :  * MuonCondition[ muon, muon, muon, muon ]: brams=0.00%, sliceLUTs=0.00%, processors=0.00%
2022-11-09 09:30:15 INFO :    * chgcor: brams=0.00%, sliceLUTs=0.00%, processors=0.00%
2022-11-09 09:30:15 INFO :  * CaloCondition[ calo ]: brams=0.00%, sliceLUTs=0.00%, processors=0.00%
2022-11-09 09:30:15 INFO :  * CaloCondition[ calo, calo ]: brams=0.00%, sliceLUTs=0.00%, processors=0.00%
2022-11-09 09:30:15 INFO :    * tbpt: brams=0.00%, sliceLUTs=0.05%, processors=0.33%
2022-11-09 09:30:15 INFO :  * CaloCondition[ calo, calo, calo ]: brams=0.00%, sliceLUTs=0.00%, processors=0.00%
2022-11-09 09:30:15 INFO :  * CaloCondition[ calo, calo, calo, calo ]: brams=0.00%, sliceLUTs=0.39%, processors=0.00%
2022-11-09 09:30:15 INFO :  * CaloConditionOvRm[ calo, calo ]: brams=0.00%, sliceLUTs=0.00%, processors=0.00%
2022-11-09 09:30:15 INFO :    * deta: brams=0.00%, sliceLUTs=0.00%, processors=0.00%
2022-11-09 09:30:15 INFO :    * dphi: brams=0.00%, sliceLUTs=0.00%, processors=0.00%
2022-11-09 09:30:15 INFO :    * dr: brams=0.00%, sliceLUTs=0.00%, processors=0.00%
2022-11-09 09:30:15 INFO :  * CaloConditionOvRm[ calo, calo, calo ]: brams=0.00%, sliceLUTs=0.13%, processors=0.00%
2022-11-09 09:30:15 INFO :    * deta: brams=0.00%, sliceLUTs=0.00%, processors=0.00%
2022-11-09 09:30:15 INFO :    * dphi: brams=0.00%, sliceLUTs=0.00%, processors=0.00%
2022-11-09 09:30:15 INFO :    * dr: brams=0.00%, sliceLUTs=0.00%, processors=0.00%
2022-11-09 09:30:15 INFO :    * tbpt: brams=0.00%, sliceLUTs=0.05%, processors=0.00%
2022-11-09 09:30:15 INFO :  * CaloConditionOvRm[ calo, calo, calo, calo ]: brams=0.00%, sliceLUTs=0.00%, processors=0.00%
2022-11-09 09:30:15 INFO :    * deta: brams=0.00%, sliceLUTs=0.00%, processors=0.00%
2022-11-09 09:30:15 INFO :    * dphi: brams=0.00%, sliceLUTs=0.00%, processors=0.00%
2022-11-09 09:30:15 INFO :    * dr: brams=0.00%, sliceLUTs=0.00%, processors=0.00%
2022-11-09 09:30:15 INFO :  * CaloConditionOvRm[ calo, calo, calo, calo, calo ]: brams=0.00%, sliceLUTs=0.00%, processors=0.00%
2022-11-09 09:30:15 INFO :    * deta: brams=0.00%, sliceLUTs=0.00%, processors=0.00%
2022-11-09 09:30:15 INFO :    * dphi: brams=0.00%, sliceLUTs=0.00%, processors=0.00%
2022-11-09 09:30:15 INFO :    * dr: brams=0.00%, sliceLUTs=0.00%, processors=0.00%
2022-11-09 09:30:15 INFO :  * CorrelationCondition[ calo, calo ]: brams=0.00%, sliceLUTs=0.00%, processors=0.00%
2022-11-09 09:30:15 INFO :    * deta: brams=0.00%, sliceLUTs=0.00%, processors=0.00%
2022-11-09 09:30:15 INFO :    * dphi: brams=0.00%, sliceLUTs=0.00%, processors=0.00%
2022-11-09 09:30:15 INFO :    * dr: brams=0.00%, sliceLUTs=0.01%, processors=0.00%
2022-11-09 09:30:15 INFO :    * tbpt: brams=0.00%, sliceLUTs=0.00%, processors=0.00%
2022-11-09 09:30:15 INFO :    * mass: brams=0.00%, sliceLUTs=0.01%, processors=0.00%
2022-11-09 09:30:15 INFO :    * massdr: brams=0.00%, sliceLUTs=0.00%, processors=0.00%
2022-11-09 09:30:15 INFO :  * CorrelationCondition[ calo, muon ]: brams=0.00%, sliceLUTs=0.00%, processors=0.00%
2022-11-09 09:30:15 INFO :    * deta: brams=0.00%, sliceLUTs=0.00%, processors=0.00%
2022-11-09 09:30:15 INFO :    * dphi: brams=0.00%, sliceLUTs=0.00%, processors=0.00%
2022-11-09 09:30:15 INFO :    * dr: brams=0.00%, sliceLUTs=0.01%, processors=0.00%
2022-11-09 09:30:15 INFO :    * tbpt: brams=0.00%, sliceLUTs=0.00%, processors=0.00%
2022-11-09 09:30:15 INFO :    * mass: brams=0.00%, sliceLUTs=0.01%, processors=0.00%
2022-11-09 09:30:15 INFO :    * massdr: brams=0.00%, sliceLUTs=0.00%, processors=0.00%
2022-11-09 09:30:15 INFO :  * CorrelationCondition[ calo, esum ]: brams=0.00%, sliceLUTs=0.00%, processors=0.00%
2022-11-09 09:30:15 INFO :    * dphi: brams=0.00%, sliceLUTs=0.00%, processors=0.00%
2022-11-09 09:30:15 INFO :    * tbpt: brams=0.00%, sliceLUTs=0.00%, processors=0.00%
2022-11-09 09:30:15 INFO :    * mass: brams=0.00%, sliceLUTs=0.01%, processors=0.00%
2022-11-09 09:30:15 INFO :  * CorrelationCondition[ muon, esum ]: brams=0.00%, sliceLUTs=0.00%, processors=0.00%
2022-11-09 09:30:15 INFO :    * dphi: brams=0.00%, sliceLUTs=0.00%, processors=0.00%
2022-11-09 09:30:15 INFO :    * tbpt: brams=0.00%, sliceLUTs=0.00%, processors=0.00%
2022-11-09 09:30:15 INFO :    * mass: brams=0.00%, sliceLUTs=0.00%, processors=0.00%
2022-11-09 09:30:15 INFO :  * CorrelationCondition[ muon, muon ]: brams=0.00%, sliceLUTs=0.00%, processors=0.00%
2022-11-09 09:30:15 INFO :    * deta: brams=0.00%, sliceLUTs=0.00%, processors=0.00%
2022-11-09 09:30:15 INFO :    * dphi: brams=0.00%, sliceLUTs=0.00%, processors=0.00%
2022-11-09 09:30:15 INFO :    * dr: brams=0.00%, sliceLUTs=0.01%, processors=0.00%
2022-11-09 09:30:15 INFO :    * tbpt: brams=0.00%, sliceLUTs=0.00%, processors=0.00%
2022-11-09 09:30:15 INFO :    * mass: brams=0.00%, sliceLUTs=0.01%, processors=0.00%
2022-11-09 09:30:15 INFO :    * massupt: brams=0.00%, sliceLUTs=0.00%, processors=0.00%
2022-11-09 09:30:15 INFO :    * massdr: brams=0.00%, sliceLUTs=0.00%, processors=0.00%
2022-11-09 09:30:15 INFO :    * chgcor: brams=0.00%, sliceLUTs=0.00%, processors=0.00%
2022-11-09 09:30:15 INFO :  * Correlation3Condition[ calo, calo, calo ]: brams=0.00%, sliceLUTs=0.00%, processors=0.00%
2022-11-09 09:30:15 INFO :    * mass: brams=0.00%, sliceLUTs=0.00%, processors=0.00%
2022-11-09 09:30:15 INFO :  * Correlation3Condition[ muon, muon, muon ]: brams=0.00%, sliceLUTs=0.19%, processors=0.00%
2022-11-09 09:30:15 INFO :    * mass: brams=0.00%, sliceLUTs=0.00%, processors=0.06%
2022-11-09 09:30:15 INFO :  * CorrelationConditionOvRm[ calo, calo ]: brams=0.00%, sliceLUTs=0.00%, processors=0.00%
2022-11-09 09:30:15 INFO :    * deta: brams=0.00%, sliceLUTs=0.00%, processors=0.00%
2022-11-09 09:30:15 INFO :    * dphi: brams=0.00%, sliceLUTs=0.00%, processors=0.00%
2022-11-09 09:30:15 INFO :    * dr: brams=0.00%, sliceLUTs=0.00%, processors=0.00%
2022-11-09 09:30:15 INFO :    * tbpt: brams=0.00%, sliceLUTs=0.00%, processors=0.00%
2022-11-09 09:30:15 INFO :    * mass: brams=0.00%, sliceLUTs=0.01%, processors=0.00%
2022-11-09 09:30:15 INFO :  * CorrelationConditionOvRm[ calo, calo, calo ]: brams=0.00%, sliceLUTs=0.15%, processors=0.00%
2022-11-09 09:30:15 INFO :    * deta: brams=0.00%, sliceLUTs=0.00%, processors=0.00%
2022-11-09 09:30:15 INFO :    * dphi: brams=0.00%, sliceLUTs=0.00%, processors=0.00%
2022-11-09 09:30:15 INFO :    * dr: brams=0.00%, sliceLUTs=0.00%, processors=0.00%
2022-11-09 09:30:15 INFO :    * tbpt: brams=0.00%, sliceLUTs=0.00%, processors=0.00%
2022-11-09 09:30:15 INFO :    * mass: brams=0.00%, sliceLUTs=0.01%, processors=0.00%
2022-11-09 09:30:15 INFO :  * EsumsCondition[ esum ]: brams=0.00%, sliceLUTs=0.00%, processors=0.00%
2022-11-09 09:30:15 INFO :  * MinBiasCondition[ bias ]: brams=0.00%, sliceLUTs=0.00%, processors=0.00%
2022-11-09 09:30:15 INFO :  * ExternalCondition[ ext ]: brams=0.00%, sliceLUTs=0.00%, processors=0.00%
2022-11-09 09:30:15 INFO :  * ExternalCondition[ adt ]: brams=0.00%, sliceLUTs=9.00%, processors=0.00%
2022-11-09 09:30:15 INFO :  * TowerCountCondition[ count ]: brams=0.00%, sliceLUTs=0.00%, processors=0.00%
2022-11-09 09:30:15 INFO :  * SignalCondition[ signal ]: brams=0.00%, sliceLUTs=0.00%, processors=0.00%
2022-11-09 09:30:15 INFO : |---------------------------------------------------------------------------------------|
2022-11-09 09:30:15 INFO : |                                                                                       |
2022-11-09 09:30:15 INFO : | Algorithms sorted by payload (descending)                                             |
2022-11-09 09:30:15 INFO : |                                                                                       |
2022-11-09 09:30:15 INFO : |---------------------------------------------------------------------------------------|
2022-11-09 09:30:15 INFO : |-------|---------|-----------|---------|-----------------------------------------------|
2022-11-09 09:30:15 INFO : | Index | BRAMs   | SliceLUTs | DSPs    | Name                                          |
2022-11-09 09:30:15 INFO : |-------|---------|-----------|---------|-----------------------------------------------|
2022-11-09 09:30:15 INFO : |     3 |  0.000% |    0.006% |  0.000% | L1_Mu0                                        |
2022-11-09 09:30:15 INFO : |     4 |  0.000% |    0.008% |  0.000% | L1_Eg10                                       |
2022-11-09 09:30:15 INFO : |     5 |  0.000% |    0.008% |  0.000% | L1_Jet20                                      |
2022-11-09 09:30:15 INFO : |     0 |  0.000% |    9.000% |  0.000% | L1_ADT_1                                      |
2022-11-09 09:30:15 INFO : |     1 |  0.000% |    9.000% |  0.000% | L1_ADT_2                                      |
2022-11-09 09:30:15 INFO : |     2 |  0.000% |    9.000% |  0.000% | L1_ADT_3                                      |
2022-11-09 09:30:15 INFO : |-------|---------|-----------|---------|-----------------------------------------------|
2022-11-09 09:30:15 INFO : |---------------------------------------------------------------------------------------|
2022-11-09 09:30:15 INFO : distributing algorithms, shadow ratio: 0.0
2022-11-09 09:30:15 INFO : starting algorithm distribution for 6 algorithms on 6 modules using shadow ratio of 0.0
2022-11-09 09:30:15 INFO :  . adding L1_ADT_1 (0) to module 0
2022-11-09 09:30:15 INFO :  . adding L1_ADT_2 (1) to module 1
2022-11-09 09:30:15 INFO :  . adding L1_ADT_3 (2) to module 2
2022-11-09 09:30:15 INFO :  . adding L1_Eg10 (4) to module 3
2022-11-09 09:30:15 INFO :  . adding L1_Jet20 (5) to module 4
2022-11-09 09:30:15 INFO :  . adding L1_Mu0 (3) to module 5
2022-11-09 09:30:15 INFO : |-----------------------------------------------------------------------------|
2022-11-09 09:30:15 INFO : |                                                                             |
2022-11-09 09:30:15 INFO : | Detailed distribition on 6 modules, shadow ratio: 0.0                       |
2022-11-09 09:30:15 INFO : |                                                                             |
2022-11-09 09:30:15 INFO : |------------|----------------------------------------------------------------|
2022-11-09 09:30:15 INFO : | Module     | Algorithm                                                      |
2022-11-09 09:30:15 INFO : | ID | Index | Index | Name                                                   |
2022-11-09 09:30:15 INFO : |----|-------|-------|--------------------------------------------------------|
2022-11-09 09:30:15 INFO : |  0 |     0 |     0 | L1_ADT_1                                               |
2022-11-09 09:30:15 INFO : |  1 |     0 |     1 | L1_ADT_2                                               |
2022-11-09 09:30:15 INFO : |  2 |     0 |     2 | L1_ADT_3                                               |
2022-11-09 09:30:15 INFO : |  3 |     0 |     4 | L1_Eg10                                                |
2022-11-09 09:30:15 INFO : |  4 |     0 |     5 | L1_Jet20                                               |
2022-11-09 09:30:15 INFO : |  5 |     0 |     3 | L1_Mu0                                                 |
2022-11-09 09:30:15 INFO : |----|-------|-------|--------------------------------------------------------|
2022-11-09 09:30:15 INFO : |-----------------------------------------------------------------------------|
2022-11-09 09:30:15 INFO : |                                                                             |
2022-11-09 09:30:15 INFO : | Condition distribution, sorted by weight (descending)                       |
2022-11-09 09:30:15 INFO : |                                                                             |
2022-11-09 09:30:15 INFO : |-----------------------------------------------------------------------------|
2022-11-09 09:30:15 INFO : |-----------------------------------------------------------------------------------|
2022-11-09 09:30:15 INFO : | Name                                             | Modules | sLUTs | DSPs | BRAMs |
2022-11-09 09:30:15 INFO : |--------------------------------------------------|---------|-------|------|-------|
2022-11-09 09:30:15 INFO : | SingleEXT_i0                                     | 0       | 38988 | 0    | 0     |
2022-11-09 09:30:15 INFO : | SingleEXT_i1                                     | 1       | 38988 | 0    | 0     |
2022-11-09 09:30:15 INFO : | SingleEXT_i2                                     | 2       | 38988 | 0    | 0     |
2022-11-09 09:30:15 INFO : | SingleEG_i4                                      | 3       | 36    | 0    | 0     |
2022-11-09 09:30:15 INFO : | SingleJET_i5                                     | 4       | 36    | 0    | 0     |
2022-11-09 09:30:15 INFO : | SingleMU_i3                                      | 5       | 24    | 0    | 0     |
2022-11-09 09:30:15 INFO : |--------------------------------------------------|---------|-------|------|-------|
2022-11-09 09:30:15 INFO : |--------------------------------------------------------------------------------------|
2022-11-09 09:30:15 INFO : |                                                                                      |
2022-11-09 09:30:15 INFO : | Summary for distribution on 6 modules, shadow ratio: 0.0                             |
2022-11-09 09:30:15 INFO : |                                                                                      |
2022-11-09 09:30:15 INFO : |-------------------------------------|------------------------------------------------|
2022-11-09 09:30:15 INFO : |                                     |                    Payload                     |
2022-11-09 09:30:15 INFO : |-------------------------------------|------------------------------------------------|
2022-11-09 09:30:15 INFO : |              Module                 |   SliceLUTs    |     BRAMs     |     DSPs      |
2022-11-09 09:30:15 INFO : |-------------------------------------|------------------------------------------------|
2022-11-09 09:30:15 INFO : | ID | Algorithms | Conditions | Rel. | Value  |  [%]  | Value |  [%]  | Value |  [%]  |
2022-11-09 09:30:15 INFO : |----|------------|------------|------|--------|-------|-------|-------|-------|-------|
2022-11-09 09:30:15 INFO : |  0 |          1 |          1 | 1.00 | 105853 | 24.44 |   608 | 41.36 |     0 |  0.00 |
2022-11-09 09:30:15 INFO : |  1 |          1 |          1 | 1.00 | 105853 | 24.44 |   608 | 41.36 |     0 |  0.00 |
2022-11-09 09:30:15 INFO : |  2 |          1 |          1 | 1.00 | 105853 | 24.44 |   608 | 41.36 |     0 |  0.00 |
2022-11-09 09:30:15 INFO : |  3 |          1 |          1 | 1.00 |  66901 | 15.44 |   608 | 41.36 |     0 |  0.00 |
2022-11-09 09:30:15 INFO : |  4 |          1 |          1 | 1.00 |  66901 | 15.44 |   608 | 41.36 |     0 |  0.00 |
2022-11-09 09:30:15 INFO : |  5 |          1 |          1 | 1.00 |  66889 | 15.44 |   608 | 41.36 |     0 |  0.00 |
2022-11-09 09:30:15 INFO : |----|------------|------------|------|--------|-------|-------|-------|-------|-------|
2022-11-09 09:30:15 INFO : writing VHDL modules...
2022-11-09 09:30:17 INFO : writing 6 algorithms to 6 module(s)
2022-11-09 09:30:17 INFO : writing output for module: 0
2022-11-09 09:30:17 INFO : algo_index.vhd          : /home/bergauer/L1Menu_adt_v1-d1/vhdl/module_0/src/algo_index.vhd
2022-11-09 09:30:17 INFO : gtl_module_signals.vhd  : /home/bergauer/L1Menu_adt_v1-d1/vhdl/module_0/src/gtl_module_signals.vhd
2022-11-09 09:30:18 INFO : gtl_module_instances.vhd: /home/bergauer/L1Menu_adt_v1-d1/vhdl/module_0/src/gtl_module_instances.vhd
2022-11-09 09:30:18 INFO : ugt_constants.vhd       : /home/bergauer/L1Menu_adt_v1-d1/vhdl/module_0/src/ugt_constants.vhd
2022-11-09 09:30:18 INFO : writing output for module: 1
2022-11-09 09:30:18 INFO : algo_index.vhd          : /home/bergauer/L1Menu_adt_v1-d1/vhdl/module_1/src/algo_index.vhd
2022-11-09 09:30:18 INFO : gtl_module_signals.vhd  : /home/bergauer/L1Menu_adt_v1-d1/vhdl/module_1/src/gtl_module_signals.vhd
2022-11-09 09:30:18 INFO : gtl_module_instances.vhd: /home/bergauer/L1Menu_adt_v1-d1/vhdl/module_1/src/gtl_module_instances.vhd
2022-11-09 09:30:18 INFO : ugt_constants.vhd       : /home/bergauer/L1Menu_adt_v1-d1/vhdl/module_1/src/ugt_constants.vhd
2022-11-09 09:30:18 INFO : writing output for module: 2
2022-11-09 09:30:18 INFO : algo_index.vhd          : /home/bergauer/L1Menu_adt_v1-d1/vhdl/module_2/src/algo_index.vhd
2022-11-09 09:30:18 INFO : gtl_module_signals.vhd  : /home/bergauer/L1Menu_adt_v1-d1/vhdl/module_2/src/gtl_module_signals.vhd
2022-11-09 09:30:18 INFO : gtl_module_instances.vhd: /home/bergauer/L1Menu_adt_v1-d1/vhdl/module_2/src/gtl_module_instances.vhd
2022-11-09 09:30:18 INFO : ugt_constants.vhd       : /home/bergauer/L1Menu_adt_v1-d1/vhdl/module_2/src/ugt_constants.vhd
2022-11-09 09:30:18 INFO : writing output for module: 3
2022-11-09 09:30:18 INFO : algo_index.vhd          : /home/bergauer/L1Menu_adt_v1-d1/vhdl/module_3/src/algo_index.vhd
2022-11-09 09:30:18 INFO : gtl_module_signals.vhd  : /home/bergauer/L1Menu_adt_v1-d1/vhdl/module_3/src/gtl_module_signals.vhd
2022-11-09 09:30:18 INFO : gtl_module_instances.vhd: /home/bergauer/L1Menu_adt_v1-d1/vhdl/module_3/src/gtl_module_instances.vhd
2022-11-09 09:30:18 INFO : ugt_constants.vhd       : /home/bergauer/L1Menu_adt_v1-d1/vhdl/module_3/src/ugt_constants.vhd
2022-11-09 09:30:18 INFO : writing output for module: 4
2022-11-09 09:30:18 INFO : algo_index.vhd          : /home/bergauer/L1Menu_adt_v1-d1/vhdl/module_4/src/algo_index.vhd
2022-11-09 09:30:18 INFO : gtl_module_signals.vhd  : /home/bergauer/L1Menu_adt_v1-d1/vhdl/module_4/src/gtl_module_signals.vhd
2022-11-09 09:30:18 INFO : gtl_module_instances.vhd: /home/bergauer/L1Menu_adt_v1-d1/vhdl/module_4/src/gtl_module_instances.vhd
2022-11-09 09:30:18 INFO : ugt_constants.vhd       : /home/bergauer/L1Menu_adt_v1-d1/vhdl/module_4/src/ugt_constants.vhd
2022-11-09 09:30:18 INFO : writing output for module: 5
2022-11-09 09:30:18 INFO : algo_index.vhd          : /home/bergauer/L1Menu_adt_v1-d1/vhdl/module_5/src/algo_index.vhd
2022-11-09 09:30:18 INFO : gtl_module_signals.vhd  : /home/bergauer/L1Menu_adt_v1-d1/vhdl/module_5/src/gtl_module_signals.vhd
2022-11-09 09:30:18 INFO : gtl_module_instances.vhd: /home/bergauer/L1Menu_adt_v1-d1/vhdl/module_5/src/gtl_module_instances.vhd
2022-11-09 09:30:18 INFO : ugt_constants.vhd       : /home/bergauer/L1Menu_adt_v1-d1/vhdl/module_5/src/ugt_constants.vhd
2022-11-09 09:30:18 INFO : writing updated XML file /home/bergauer/L1Menu_adt_v1.xml
2022-11-09 09:30:18 INFO : reading source XML menu file /home/bergauer/L1Menu_adt_v1.xml
2022-11-09 09:30:18 INFO : processing menu "L1Menu_adt_v1" ... 
2022-11-09 09:30:18 INFO : updating menu information...
2022-11-09 09:30:18 INFO : uuid_menu     : 8ba6869b-91dc-4150-888b-3a945455d6b5
2022-11-09 09:30:18 INFO : uuid_firmware : f75652dc-f568-40bb-97ad-890e4d317d8b
2022-11-09 09:30:18 INFO : n_modules     : 6
2022-11-09 09:30:18 INFO : writing target XML menu file /home/bergauer/L1Menu_adt_v1-d1/xml/L1Menu_adt_v1-d1.xml
2022-11-09 09:30:18 INFO : generating menu documentation...
2022-11-09 09:30:18 INFO : writing HTML documentation /home/bergauer/L1Menu_adt_v1-d1/xml/L1Menu_adt_v1-d1.xml
2022-11-09 09:30:19 INFO : writing TWIKI page template /home/bergauer/L1Menu_adt_v1-d1/xml/L1Menu_adt_v1-d1.xml
2022-11-09 09:30:20 INFO : patching filenames...
2022-11-09 09:30:20 INFO : /home/bergauer/L1Menu_adt_v1-d1/doc/L1Menu_adt_v1.html --> /home/bergauer/L1Menu_adt_v1-d1/doc/L1Menu_adt_v1-d1.html
2022-11-09 09:30:20 INFO : /home/bergauer/L1Menu_adt_v1-d1/doc/L1Menu_adt_v1.twiki --> /home/bergauer/L1Menu_adt_v1-d1/doc/L1Menu_adt_v1-d1.twiki
2022-11-09 09:30:20 INFO : done.
